<?xml version="1.0" encoding="UTF-8"?>
<!-- Generated by org.testng.reporters.JUnitReportReporter -->
<testsuite hostname="DESKTOP-NHPRK1V" failures="0" tests="1" name="com.pageObjects.Just" time="0.894" errors="0" timestamp="2025-04-07T16:00:24 IST" skipped="0">
  <testcase classname="com.pageObjects.Just" name="login" time="0.894"/>
</testsuite> <!-- com.pageObjects.Just -->
