<?xml version="1.0" encoding="UTF-8"?>
<!-- Generated by org.testng.reporters.JUnitReportReporter -->
<testsuite hostname="DESKTOP-NHPRK1V" failures="0" tests="1" name="com.testCases.TC_001" time="90.224" errors="0" timestamp="2025-04-12T12:21:41 IST" skipped="0">
  <testcase classname="com.testCases.TC_001" name="BookTicket" time="90.224"/>
</testsuite> <!-- com.testCases.TC_001 -->
