<?xml version="1.0" encoding="UTF-8"?>
<!-- Generated by org.testng.reporters.JUnitReportReporter -->
<testsuite hostname="DESKTOP-NHPRK1V" failures="0" tests="1" name="com.testCases.TC_001" time="29.655" errors="0" timestamp="2025-04-11T11:41:18 IST" skipped="0">
  <testcase classname="com.testCases.TC_001" name="BookTicket" time="29.655"/>
</testsuite> <!-- com.testCases.TC_001 -->
