<?xml version="1.0" encoding="UTF-8"?>
<!-- Generated by org.testng.reporters.JUnitReportReporter -->
<testsuite hostname="DESKTOP-NHPRK1V" failures="0" tests="1" name="com.testCases.TC_001" time="13.846" errors="0" timestamp="2025-04-12T14:21:15 IST" skipped="0">
  <testcase classname="com.testCases.TC_001" name="BookTicket" time="13.846"/>
</testsuite> <!-- com.testCases.TC_001 -->
